android/app/build/outputs/mapping/release/seeds.txt
com.example.application_project.MainActivity
com.example.application_project.MainActivity: MainActivity()
...
kotlin.jvm.internal.CallableReference: java.lang.String getSignature()
io.flutter.embedding.engine.FlutterJNI: void ensureRunningOnMainThread()
androidx.window.core.Bounds: int getHeight()
androidx.window.java.layout.WindowInfoTrackerCallbackAdapter: void addListener(java.util.concurrent.Executor,androidx.core.util.Consumer,kotlinx.coroutines.flow.Flow)
androidx.window.layout.SidecarWindowBackend$WindowLayoutChangeCallbackWrapper: androidx.window.layout.WindowLayoutInfo getLastInfo()
io.flutter.view.AccessibilityBridge$Action: io.flutter.view.AccessibilityBridge$Action valueOf(java.lang.String)
io.flutter.embedding.engine.renderer.FlutterRenderer$ImageReaderSurfaceProducer: int getWidth()
androidx.core.graphics.drawable.IconCompat$Api28Impl: int getType(java.lang.Object)
io.flutter.embedding.engine.FlutterJNI: boolean isCodePointEmojiModifierBase(int)
androidx.window.embedding.EmptyEmbeddingComponent: EmptyEmbeddingComponent()
androidx.window.layout.ActivityCompatHelperApi24: boolean isInMultiWindowMode(android.app.Activity)
androidx.window.core.Version$Companion: androidx.window.core.Version parse(java.lang.String)
androidx.window.core.Version$bigInteger$2: java.lang.Object invoke()
androidx.window.layout.WindowMetricsCalculatorCompat: androidx.window.layout.WindowMetrics computeCurrentWindowMetrics(android.app.Activity)
androidx.window.embedding.SplitRule: int getMinWidth()
io.flutter.view.AccessibilityViewEmbedder: void setFlutterNodesTranslateBounds(android.view.accessibility.AccessibilityNodeInfo,android.graphics.Rect,android.view.accessibility.AccessibilityNodeInfo)
androidx.window.layout.FoldingFeature$Orientation: FoldingFeature$Orientation(java.lang.String)
androidx.window.embedding.SplitController: void registerRule(androidx.window.embedding.EmbeddingRule)
kotlinx.coroutines.CancelHandler: CancelHandler()
androidx.window.layout.HardwareFoldingFeature$Type$Companion: androidx.window.layout.HardwareFoldingFeature$Type getHINGE()
androidx.window.core.Bounds: Bounds(android.graphics.Rect)
io.flutter.embedding.engine.renderer.FlutterRenderer$ImageTextureRegistryEntry: void waitOnFence(android.media.Image)
io.flutter.embedding.engine.renderer.FlutterRenderer$ImageReaderSurfaceProducer: android.media.Image acquireLatestImage()
com.linusu.flutter_web_auth_2.CallbackActivity: CallbackActivity()
io.flutter.embedding.engine.FlutterJNI: boolean nativeFlutterTextUtilsIsVariationSelector(int)
androidx.window.layout.SidecarWindowBackend: void getWindowLayoutChangeCallbacks$annotations()
androidx.lifecycle.Lifecycle$State: androidx.lifecycle.Lifecycle$State valueOf(java.lang.String)
io.flutter.embedding.engine.FlutterJNI: void onEndFrame()
io.flutter.view.TextureRegistry$SurfaceTextureEntry: long id()
androidx.versionedparcelable.CustomVersionedParcelable: CustomVersionedParcelable()
androidx.window.embedding.MatcherUtils: boolean wildcardMatch(java.lang.String,java.lang.String)
androidx.window.java.layout.WindowInfoTrackerCallbackAdapter$addListener$1$1$invokeSuspend$$inlined$collect$1: WindowInfoTrackerCallbackAdapter$addListener$1$1$invokeSuspend$$inlined$collect$1(androidx.core.util.Consumer)
androidx.window.layout.WindowMetricsCalculator$Companion: void overrideDecorator(androidx.window.layout.WindowMetricsCalculatorDecorator)
io.flutter.embedding.engine.FlutterJNI: void scheduleFrame()
androidx.window.layout.SidecarWindowBackend: androidx.window.layout.ExtensionInterfaceCompat getWindowExtension()
androidx.window.layout.SidecarWindowBackend$WindowLayoutChangeCallbackWrapper: void accept$lambda-0(androidx.window.layout.SidecarWindowBackend$WindowLayoutChangeCallbackWrapper,androidx.window.layout.WindowLayoutInfo)
androidx.window.layout.SidecarAdapter$Companion: androidx.window.layout.DisplayFeature translate$window_release(androidx.window.sidecar.SidecarDisplayFeature,androidx.window.sidecar.SidecarDeviceState)
androidx.window.layout.SidecarWindowBackend: SidecarWindowBackend(androidx.window.layout.ExtensionInterfaceCompat)