android/app/build/outputs/mapping/release/mapping.txt
# compiler: R8
# compiler_version: 3.3.70
# min_api: 21
# common_typos_disable
# {"id":"com.android.tools.r8.mapping","version":"2.0"}
# pg_map_id: 5d32688
# pg_map_hash: SHA-256 5d32688db2f2b32e712db8ef57567610f4b3d3aba029424b60655251ba32b16a
...
android.view.WindowInsetsAnimation$Callback -> android.view.WindowInsetsAnimation$Callback:
# {"id":"com.android.tools.r8.synthesized"}
    void <clinit>() -> <clinit>
      # {"id":"com.android.tools.r8.synthesized"}
    void <init>(int) -> <init>
      # {"id":"com.android.tools.r8.synthesized"}
android.view.WindowInsetsController -> android.view.WindowInsetsController:
# {"id":"com.android.tools.r8.synthesized"}
    void <clinit>() -> <clinit>
      # {"id":"com.android.tools.r8.synthesized"}
    void setSystemBarsAppearance(int,int) -> setSystemBarsAppearance
      # {"id":"com.android.tools.r8.synthesized"}
android.view.WindowMetrics -> android.view.WindowMetrics:
# {"id":"com.android.tools.r8.synthesized"}
    void <clinit>() -> <clinit>
      # {"id":"com.android.tools.r8.synthesized"}
    android.graphics.Rect getBounds() -> getBounds
      # {"id":"com.android.tools.r8.synthesized"}
android.view.autofill.AutofillManager -> android.view.autofill.AutofillManager:
# {"id":"com.android.tools.r8.synthesized"}
    void <clinit>() -> <clinit>
      # {"id":"com.android.tools.r8.synthesized"}
    void cancel() -> cancel
      # {"id":"com.android.tools.r8.synthesized"}
    void commit() -> commit
      # {"id":"com.android.tools.r8.synthesized"}
    void notifyValueChanged(android.view.View,int,android.view.autofill.AutofillValue) -> notifyValueChanged
      # {"id":"com.android.tools.r8.synthesized"}
    void notifyViewEntered(android.view.View,int,android.graphics.Rect) -> notifyViewEntered
      # {"id":"com.android.tools.r8.synthesized"}
    void notifyViewExited(android.view.View,int) -> notifyViewExited
      # {"id":"com.android.tools.r8.synthesized"}
android.view.autofill.AutofillValue -> android.view.autofill.AutofillValue:
# {"id":"com.android.tools.r8.synthesized"}
    void <clinit>() -> <clinit>
      # {"id":"com.android.tools.r8.synthesized"}
    android.view.autofill.AutofillValue forText(java.lang.CharSequence) -> forText
      # {"id":"com.android.tools.r8.synthesized"}
    java.lang.CharSequence getTextValue() -> getTextValue
      # {"id":"com.android.tools.r8.synthesized"}
android.view.inputmethod.InputContentInfo -> android.view.inputmethod.InputContentInfo:
# {"id":"com.android.tools.r8.synthesized"}
    void <clinit>() -> <clinit>
      # {"id":"com.android.tools.r8.synthesized"}
    android.net.Uri getContentUri() -> getContentUri
      # {"id":"com.android.tools.r8.synthesized"}
    android.content.ClipDescription getDescription() -> getDescription
      # {"id":"com.android.tools.r8.synthesized"}
    void releasePermission() -> releasePermission
      # {"id":"com.android.tools.r8.synthesized"}
    void requestPermission() -> requestPermission
      # {"id":"com.android.tools.r8.synthesized"}
androidx.activity.Cancellable -> androidx.activity.a:
androidx.activity.ComponentActivity$2 -> androidx.activity.ComponentActivity$2:
    void onStateChanged(androidx.lifecycle.LifecycleOwner,androidx.lifecycle.Lifecycle$Event) -> d
androidx.activity.ComponentActivity$3 -> androidx.activity.ComponentActivity$3:
    void onStateChanged(androidx.lifecycle.LifecycleOwner,androidx.lifecycle.Lifecycle$Event) -> d
androidx.activity.ImmLeaksCleaner -> androidx.activity.ImmLeaksCleaner:
    java.lang.reflect.Field sServedViewField -> d
    java.lang.reflect.Field sNextServedViewField -> e
    java.lang.reflect.Field sHField -> c
    android.app.Activity mActivity -> a
    int sReflectedFieldsInitialized -> b
    void onStateChanged(androidx.lifecycle.LifecycleOwner,androidx.lifecycle.Lifecycle$Event) -> d
    void initializeReflectiveFields() -> h
androidx.activity.OnBackPressedDispatcher$LifecycleOnBackPressedCancellable -> androidx.activity.OnBackPressedDispatcher$LifecycleOnBackPressedCancellable:
    androidx.lifecycle.Lifecycle mLifecycle -> a
    androidx.activity.Cancellable mCurrentCancellable -> b
    void onStateChanged(androidx.lifecycle.LifecycleOwner,androidx.lifecycle.Lifecycle$Event) -> d