android/app/build/outputs/mapping/release/usage.txt
com.example.application_project.BuildConfig
com.example.application_project.R$attr
com.example.application_project.R$color
com.example.application_project.R$dimen
com.example.application_project.R$drawable
com.example.application_project.R$id
com.example.application_project.R$integer
com.example.application_project.R$layout
com.example.application_project.R$mipmap
com.example.application_project.R$string
com.example.application_project.R$style
com.example.application_project.R$styleable
com.example.application_project.R$xml
com.example.application_project.R
...
io.flutter.embedding.android.FlutterActivity$NewEngineInGroupIntentBuilder
io.flutter.embedding.android.FlutterActivity$NewEngineIntentBuilder
io.flutter.embedding.android.FlutterActivity:
    private static final java.lang.String TAG
    public static android.content.Intent createDefaultIntent(android.content.Context)
    public io.flutter.embedding.android.ExclusiveAppComponent getExclusiveAppComponent()
    protected android.window.OnBackInvokedCallback getOnBackInvokedCallback()
    void setDelegate(io.flutter.embedding.android.FlutterActivityAndFragmentDelegate)
    public void updateSystemUiOverlays()
    public static io.flutter.embedding.android.FlutterActivity$CachedEngineIntentBuilder withCachedEngine(java.lang.String)
    public static io.flutter.embedding.android.FlutterActivity$NewEngineIntentBuilder withNewEngine()
    public static io.flutter.embedding.android.FlutterActivity$NewEngineInGroupIntentBuilder withNewEngineInGroup(java.lang.String)
io.flutter.embedding.android.FlutterActivityAndFragmentDelegate$DelegateFactory
io.flutter.embedding.android.FlutterActivityAndFragmentDelegate$Host:
    public abstract io.flutter.embedding.android.ExclusiveAppComponent getExclusiveAppComponent()
    public abstract void updateSystemUiOverlays()
io.flutter.embedding.android.FlutterActivityAndFragmentDelegate:
    private static final int FLUTTER_SPLASH_VIEW_FALLBACK_ID
    private static final java.lang.String FRAMEWORK_RESTORATION_BUNDLE_KEY
    private static final java.lang.String PLUGINS_RESTORATION_BUNDLE_KEY
    private static final java.lang.String TAG
io.flutter.embedding.android.FlutterActivityLaunchConfigs
io.flutter.embedding.android.FlutterEngineConfigurator
io.flutter.embedding.android.FlutterEngineProvider
io.flutter.embedding.android.FlutterFragment$1
io.flutter.embedding.android.FlutterFragment$2
io.flutter.embedding.android.FlutterFragment$ActivityCallThrough
io.flutter.embedding.android.FlutterFragment$CachedEngineFragmentBuilder
io.flutter.embedding.android.FlutterFragment$NewEngineFragmentBuilder
io.flutter.embedding.android.FlutterFragment$NewEngineInGroupFragmentBuilder
io.flutter.embedding.android.FlutterFragment
io.flutter.embedding.android.FlutterFragmentActivity$CachedEngineIntentBuilder
io.flutter.embedding.android.FlutterFragmentActivity$NewEngineInGroupIntentBuilder
io.flutter.embedding.android.FlutterFragmentActivity$NewEngineIntentBuilder
io.flutter.embedding.android.FlutterFragmentActivity
io.flutter.embedding.android.FlutterImageView:
    private static final java.lang.String TAG
    public void <init>(android.content.Context)
    public void <init>(android.content.Context,android.util.AttributeSet)
io.flutter.embedding.android.FlutterPlayStoreSplitApplication
io.flutter.embedding.android.FlutterSurfaceView:
    private static final java.lang.String TAG
    public void <init>(android.content.Context)
    public void <init>(android.content.Context,android.util.AttributeSet)
io.flutter.embedding.android.FlutterTextureView:
    private static final java.lang.String TAG